\BOOKMARK [1][-]{section.1}{\376\377\000D\000i\000s\000t\000i\000n\000c\000t\000i\000o\000n\000\040\000B\000e\000y\000o\000n\000d\000\040\000T\000a\000s\000t\000e}{}% 1
\BOOKMARK [2][-]{subsection.1.1}{\376\377\000W\000h\000a\000t\000\040\000i\000s\000\040\000D\000i\000s\000t\000i\000n\000c\000t\000i\000o\000n\000?}{section.1}% 2
\BOOKMARK [2][-]{subsection.1.2}{\376\377\000P\000o\000s\000i\000t\000i\000o\000n\000\040\000a\000s\000\040\000t\000h\000e\000\040\000R\000e\000l\000a\000t\000i\000o\000n\000a\000l\000\040\000B\000a\000s\000i\000s\000\040\000f\000o\000r\000\040\000a\000\040\000D\000i\000s\000t\000i\000n\000c\000t\000i\000o\000n\000\040\000M\000e\000a\000s\000u\000r\000e}{section.1}% 3
\BOOKMARK [1][-]{section.2}{\376\377\000A\000\040\000G\000e\000n\000e\000r\000a\000l\000i\000z\000e\000d\000\040\000M\000e\000a\000s\000u\000r\000e\000\040\000o\000f\000\040\000N\000e\000t\000w\000o\000r\000k\000\040\000D\000i\000s\000t\000i\000n\000c\000t\000i\000o\000n}{}% 4
\BOOKMARK [2][-]{subsection.2.1}{\376\377\000M\000e\000a\000s\000u\000r\000i\000n\000g\000\040\000D\000i\000s\000t\000i\000n\000c\000t\000i\000o\000n}{section.2}% 5
\BOOKMARK [1][-]{section.3}{\376\377\000D\000i\000s\000t\000i\000n\000c\000t\000i\000o\000n\000\040\000i\000n\000\040\000I\000d\000e\000a\000l\000i\000z\000e\000d\000\040\000R\000e\000l\000a\000t\000i\000o\000n\000a\000l\000\040\000W\000o\000r\000l\000d\000s}{}% 6
\BOOKMARK [2][-]{subsection.3.1}{\376\377\000M\000a\000x\000i\000m\000u\000m\000\040\000I\000n\000e\000q\000u\000a\000l\000i\000t\000y\000\040\000a\000n\000d\000\040\000E\000q\000u\000a\000l\000i\000t\000y\000\040\000i\000n\000\040\000D\000i\000s\000t\000i\000n\000c\000t\000i\000o\000n}{section.3}% 7
\BOOKMARK [3][-]{subsubsection.3.1.1}{\376\377\000D\000i\000s\000t\000i\000n\000c\000t\000i\000o\000n\000\040\000i\000n\000\040\000t\000h\000e\000\040\000S\000t\000a\000r\000\040\000G\000r\000a\000p\000h}{subsection.3.1}% 8
\BOOKMARK [3][-]{subsubsection.3.1.2}{\376\377\000D\000i\000s\000t\000i\000n\000c\000t\000i\000o\000n\000\040\000i\000n\000\040\000t\000h\000e\000\040\000C\000l\000i\000q\000u\000e\000\040\000a\000n\000d\000\040\000C\000i\000r\000c\000l\000e\000\040\000G\000r\000a\000p\000h\000s}{subsection.3.1}% 9
\BOOKMARK [2][-]{subsection.3.2}{\376\377\000D\000i\000s\000t\000i\000n\000c\000t\000i\000o\000n\000\040\000i\000n\000\040\000T\000r\000i\000a\000d\000i\000c\000\040\000C\000l\000o\000s\000u\000r\000e}{section.3}% 10
\BOOKMARK [3][-]{subsubsection.3.2.1}{\376\377\000D\000i\000s\000t\000i\000n\000c\000t\000i\000o\000n\000\040\000a\000n\000d\000\040\000B\000r\000o\000k\000e\000r\000a\000g\000e}{subsection.3.2}% 11
\BOOKMARK [1][-]{section.4}{\376\377\000D\000a\000t\000a\000\040\000E\000x\000a\000m\000p\000l\000e\000s}{}% 12
\BOOKMARK [2][-]{subsection.4.1}{\376\377\000B\000e\000t\000w\000e\000e\000n\000n\000e\000s\000s\000\040\000v\000s\000\040\000D\000i\000s\000t\000i\000n\000c\000t\000i\000o\000n\000:\000\040\000R\000e\000v\000i\000s\000i\000t\000i\000n\000g\000\040\000t\000h\000e\000\040\000M\000e\000d\000i\000c\000i\000\040\000N\000e\000t\000w\000o\000r\000k}{section.4}% 13
\BOOKMARK [2][-]{subsection.4.2}{\376\377\000G\000r\000o\000u\000p\000\040\000D\000e\000t\000e\000c\000t\000i\000o\000n\000\040\000v\000s\000\040\000D\000i\000s\000t\000i\000n\000c\000t\000i\000o\000n\000:\000\040\000R\000e\000v\000i\000s\000i\000t\000i\000n\000g\000\040\000t\000h\000e\000\040\000K\000a\000r\000a\000t\000e\000\040\000C\000l\000u\000b}{section.4}% 14
\BOOKMARK [1][-]{section.5}{\376\377\000D\000i\000s\000t\000i\000n\000c\000t\000i\000o\000n\000\040\000a\000s\000\040\000S\000e\000a\000r\000c\000h\000\040\000A\000l\000g\000o\000r\000i\000t\000h\000m}{}% 15
\BOOKMARK [1][-]{section.6}{\376\377\000I\000m\000p\000l\000i\000c\000a\000t\000i\000o\000n\000s\000\040\000f\000o\000r\000\040\000T\000h\000e\000o\000r\000i\000e\000s\000\040\000o\000f\000\040\000D\000i\000s\000t\000i\000n\000c\000t\000i\000o\000n}{}% 16
\BOOKMARK [2][-]{subsection.6.1}{\376\377\000L\000o\000n\000g\000\040\000T\000i\000e\000s\000\040\000a\000n\000d\000\040\000O\000p\000p\000o\000r\000t\000u\000n\000i\000t\000i\000e\000s\000\040\000f\000o\000r\000\040\000D\000i\000s\000t\000i\000n\000c\000t\000i\000o\000n}{section.6}% 17
\BOOKMARK [2][-]{subsection.6.2}{\376\377\000C\000a\000p\000i\000t\000a\000l\000\040\000C\000o\000n\000v\000e\000r\000s\000i\000o\000n\000\040\000a\000s\000\040\000N\000e\000t\000w\000o\000r\000k\000\040\000I\000n\000t\000e\000g\000r\000a\000t\000i\000o\000n\000\040\000o\000f\000\040\000F\000i\000e\000l\000d\000s}{section.6}% 18
\BOOKMARK [2][-]{subsection.6.3}{\376\377\000L\000i\000m\000i\000t\000a\000t\000i\000o\000n\000s\000\040\000o\000n\000\040\000P\000o\000s\000i\000t\000i\000o\000n\000a\000l\000\040\000A\000g\000e\000n\000c\000y}{section.6}% 19
\BOOKMARK [1][-]{section.7}{\376\377\000C\000o\000n\000c\000l\000u\000s\000i\000o\000n}{}% 20
